app/build/outputs/mapping/release/seeds.txt
com.pickleball.video.MainActivity
com.pickleball.video.data.ApiService
com.pickleball.video.StreamActivity
com.pickleball.video.App
com.pickleball.video.App: App()
com.pickleball.video.StreamActivity: StreamActivity()
com.pickleball.video.MainActivity: MainActivity()
com.pickleball.video.data.ApiService: java.lang.Object getMatchStreamConfig(int,java.lang.String,kotlin.coroutines.Continuation)
com.pickleball.video.data.ApiService: java.lang.Object getCourtMatches(int,java.lang.String,kotlin.coroutines.Continuation)
com.pickleball.video.data.ApiService: java.lang.Object getStreamConfig(int,kotlin.coroutines.Continuation)
com.pickleball.video.data.ApiService: java.lang.Object getTournaments(int,kotlin.coroutines.Continuation)
...
androidx.appcompat.widget.Toolbar: void setTitleMarginTop(int)
androidx.appcompat.widget.ActionMenuView: void setPresenter(androidx.appcompat.widget.ActionMenuPresenter)
androidx.compose.ui.platform.ComposeView: java.lang.CharSequence getAccessibilityClassName()
androidx.compose.ui.layout.IntrinsicWidthHeight: androidx.compose.ui.layout.IntrinsicWidthHeight[] values()
androidx.appcompat.widget.AppCompatButton: void setSupportCompoundDrawablesTintMode(android.graphics.PorterDuff$Mode)
androidx.compose.ui.platform.AbstractComposeView: boolean getShouldCreateCompositionOnAttachedToWindow()
androidx.core.view.ViewCompat$Api21Impl: boolean startNestedScroll(android.view.View,int)
androidx.appcompat.widget.Toolbar: int getCurrentContentInsetEnd()
androidx.compose.ui.window.PopupLayout: android.view.WindowManager$LayoutParams getParams$ui_release()
androidx.compose.ui.graphics.BlendModeColorFilterHelper: android.graphics.BlendModeColorFilter BlendModeColorFilter-xETnrds(long,int)
androidx.core.app.RemoteInput$Api29Impl: int getEditChoicesBeforeSending(java.lang.Object)
androidx.core.app.NotificationCompatBuilder$Api26Impl: android.app.Notification$Builder setTimeoutAfter(android.app.Notification$Builder,long)
androidx.appcompat.widget.AppCompatTextView: androidx.appcompat.widget.AppCompatTextView$SuperCaller getSuperCaller()
androidx.appcompat.view.menu.ActionMenuItemView: void setPopupCallback(androidx.appcompat.view.menu.ActionMenuItemView$PopupCallback)
com.google.firebase.concurrent.UiExecutor: com.google.firebase.concurrent.UiExecutor valueOf(java.lang.String)
androidx.compose.ui.platform.WrapperRenderNodeLayerHelperMethods: void onDescendantInvalidated(androidx.compose.ui.platform.AndroidComposeView)
androidx.activity.OnBackPressedDispatcher$Api34Impl: android.window.OnBackInvokedCallback createOnBackAnimationCallback(kotlin.jvm.functions.Function1,kotlin.jvm.functions.Function1,kotlin.jvm.functions.Function0,kotlin.jvm.functions.Function0)
androidx.appcompat.widget.ActionMenuView: android.graphics.drawable.Drawable getOverflowIcon()
androidx.appcompat.view.menu.ActionMenuItemView: void setChecked(boolean)
androidx.core.view.ViewConfigurationCompat$Api28Impl: boolean shouldShowMenuShortcutsWhenKeyboardPresent(android.view.ViewConfiguration)
com.pedro.encoder.video.FormatVideoEncoder: com.pedro.encoder.video.FormatVideoEncoder valueOf(java.lang.String)
com.google.gson.stream.JsonToken: com.google.gson.stream.JsonToken[] values()
androidx.core.app.NotificationCompatBuilder$Api26Impl: android.app.Notification$Builder setColorized(android.app.Notification$Builder,boolean)
android.support.v4.app.RemoteActionCompatParcelizer: void write(androidx.core.app.RemoteActionCompat,androidx.versionedparcelable.VersionedParcel)
androidx.core.view.MenuItemCompat$Api26Impl: android.view.MenuItem setShortcut(android.view.MenuItem,char,char,int,int)
androidx.appcompat.widget.AppCompatRadioButton: android.graphics.PorterDuff$Mode getSupportCompoundDrawablesTintMode()
androidx.lifecycle.ReportFragment$LifecycleCallbacks: void onActivityDestroyed(android.app.Activity)
androidx.core.content.ContextCompat$Api21Impl: java.io.File getCodeCacheDir(android.content.Context)
androidx.appcompat.widget.TooltipCompat$Api26Impl: void setTooltipText(android.view.View,java.lang.CharSequence)
androidx.appcompat.widget.AppCompatEditText: android.text.Editable getText()
androidx.compose.foundation.text.HandleState: androidx.compose.foundation.text.HandleState[] values()
androidx.compose.ui.window.PopupLayout: void setParentLayoutCoordinates(androidx.compose.ui.layout.LayoutCoordinates)
androidx.compose.material3.InputPhase: androidx.compose.material3.InputPhase valueOf(java.lang.String)
androidx.core.view.ViewCompat$Api29Impl: void setSystemGestureExclusionRects(android.view.View,java.util.List)
androidx.vectordrawable.graphics.drawable.VectorDrawableCompat$VGroup: android.graphics.Matrix getLocalMatrix()