app/build/outputs/mapping/release/usage.txt
com.pickleball.video.App:
    public static final int $stable
com.pickleball.video.BuildConfig
com.pickleball.video.R$drawable:
    private void <init>()
com.pickleball.video.R$string
com.pickleball.video.R$xml
com.pickleball.video.R
com.pickleball.video.VideoAppKt$VideoApp$2$1$1$5$invoke$$inlined$items$default$2
com.pickleball.video.VideoAppKt$VideoApp$2$1$1$7$invoke$$inlined$items$default$2
com.pickleball.video.VideoAppKt$VideoApp$2$1$1$9$1$invoke$$inlined$items$default$2
com.pickleball.video.data.CourtMatchItem:
    public static final int $stable
    private final java.lang.String broadcast_id
    private final int id
    private final java.lang.Integer match_order
    private final java.lang.String match_type
    private final java.lang.String rtmp_url
    private final java.lang.String status
    private final java.lang.String stream_ended_at
    private final java.lang.String stream_key
    private final java.lang.String stream_started_at
    private final java.lang.String team1
    private final java.lang.String team2
    private final java.lang.String youtube_video_id
    static void <clinit>()
    public void <init>(int,java.lang.String,java.lang.Integer,java.lang.String,java.lang.String,java.lang.String,java.lang.String,java.lang.String,java.lang.String,java.lang.String,java.lang.String,java.lang.String)
    public final int component1()
    public final java.lang.String component10()
    public final java.lang.String component11()
    public final java.lang.String component12()
    public final java.lang.String component2()
    public final java.lang.Integer component3()
    public final java.lang.String component4()
    public final java.lang.String component5()
    public final java.lang.String component6()
    public final java.lang.String component7()
    public final java.lang.String component8()
    public final java.lang.String component9()
com.pickleball.video.data.CourtStreamConfig
com.pickleball.video.data.FirebaseMatchListener:
    public static synthetic kotlinx.coroutines.flow.Flow observeCourtMatch$default(com.pickleball.video.data.FirebaseMatchListener,java.lang.String,int,int,java.lang.Object)
com.pickleball.video.data.MatchState:
    public static final int $stable
    public void <init>()
    public final com.pickleball.video.data.TeamSide component1()
    public final java.lang.Integer component10()
    public final java.lang.String component11()
    public final java.lang.String component12()
    public final boolean component13()
    public final java.lang.String component14()
    public final com.pickleball.video.data.TeamSide component2()
    public final int component3()
    public final int component4()
    public final java.lang.String component5()
    public final int component6()
    public final int component7()
    public final boolean component8()
    public final java.lang.String component9()
    public final com.pickleball.video.data.MatchState copy(com.pickleball.video.data.TeamSide,com.pickleball.video.data.TeamSide,int,int,java.lang.String,int,int,boolean,java.lang.String,java.lang.Integer,java.lang.String,java.lang.String,boolean,java.lang.String)
    public static synthetic com.pickleball.video.data.MatchState copy$default(com.pickleball.video.data.MatchState,com.pickleball.video.data.TeamSide,com.pickleball.video.data.TeamSide,int,int,java.lang.String,int,int,boolean,java.lang.String,java.lang.Integer,java.lang.String,java.lang.String,boolean,java.lang.String,int,java.lang.Object)
    public final java.lang.String getCourt()
    public final boolean getCourtSwapped()
    public final int getServerHand()
...
com.google.firebase.concurrent.ExecutorsRegistrar:
    public static com.google.firebase.concurrent.CustomThreadFactory factory(java.lang.String,int)
    public static com.google.firebase.concurrent.DelegatingScheduledExecutorService scheduled(java.util.concurrent.ExecutorService)
com.google.firebase.database.DataSnapshot$1$1
com.google.firebase.database.DataSnapshot$1
com.google.firebase.database.DataSnapshot:
    public static java.lang.Iterable getChildren()
    public static long getChildrenCount()
    public static java.lang.String getKey()
    public static com.google.firebase.database.DatabaseReference getRef()
    public final java.lang.Object getValue()
com.google.firebase.database.DatabaseError:
    public final java.lang.String details
    public static int getCode()
com.google.firebase.database.DatabaseReference:
    public final boolean orderByCalled
    public static void addListenerForSingleValueEvent()
    public final void addValueEventListener(com.google.firebase.database.ValueEventListener)
    public static com.google.firebase.database.DatabaseReference getParent()
    public static com.google.firebase.database.core.Path getPath()
    public final com.google.firebase.database.core.view.QuerySpec getSpec()
    public static void removeEventRegistration()
com.google.firebase.database.FirebaseDatabase:
    public final com.google.firebase.FirebaseApp app
    public com.google.firebase.emulators.EmulatedServiceSettings emulatorSettings
    public final synchronized void ensureRepo()
    public static java.lang.String getSdkVersion()
com.google.firebase.database.InternalHelpers
com.google.firebase.database.MutableData
com.google.firebase.database.Query
com.google.firebase.database.Transaction$1
com.google.firebase.database.Transaction$Handler
com.google.firebase.database.Transaction$Result
com.google.firebase.database.Transaction
com.google.firebase.database.android.AndroidAppCheckTokenProvider$$InternalSyntheticLambda$1$a96f501527a84d599f5cccdc0451485356488214cfbe12b4e699fa94c779de9c$0:
    public final synthetic com.google.firebase.database.core.TokenProvider$TokenChangeListener f$1
com.google.firebase.database.android.AndroidAppCheckTokenProvider$$InternalSyntheticLambda$3$7091956ddab76312b44ae94c7261303af0a6ce987de4e98da68ebd2c5e3f4c0d$0
com.google.firebase.database.android.AndroidAppCheckTokenProvider$$InternalSyntheticLambda$3$bfcc0e48ddb670c680321ef6a99748c602f292c7247fef4721e75ef9f00de573$0
com.google.firebase.database.android.AndroidAppCheckTokenProvider$$InternalSyntheticLambda$3$bfcc0e48ddb670c680321ef6a99748c602f292c7247fef4721e75ef9f00de573$1
com.google.firebase.database.android.AndroidAppCheckTokenProvider$$InternalSyntheticThrowCCEIfNotNull$20$bf5e43272ee4c4297a7e6fddc56624738956b2e0f3a82181609185b4ec35f06b$0
com.google.firebase.database.android.AndroidAppCheckTokenProvider$$InternalSyntheticThrowCCEIfNotNull$60$141c6e6be5ed7b99f1da8fe8a547af7007eb7be7ac68208d3820a95164bc5b69$0
com.google.firebase.database.android.AndroidAppCheckTokenProvider$$InternalSyntheticThrowCCEIfNotNull$60$7091956ddab76312b44ae94c7261303af0a6ce987de4e98da68ebd2c5e3f4c0d$0
com.google.firebase.database.android.AndroidAppCheckTokenProvider$$InternalSyntheticThrowCCEIfNotNull$73$eb6acde4310921788ef8053854bbd6517c456caa85de91ea0b151e527d24a802$0
com.google.firebase.database.android.AndroidAppCheckTokenProvider:
    public static synthetic void lambda$new$0()
com.google.firebase.database.android.AndroidAuthTokenProvider$$InternalSyntheticLambda$1$0276b6f7fe74f0339c4acebe4079a5370b1ff614eb8f4260a432dc1ffa08c853$0:
    public final synthetic com.google.firebase.database.core.TokenProvider$TokenChangeListener f$1
com.google.firebase.database.android.AndroidAuthTokenProvider$$InternalSyntheticLambda$3$b87460cb4c01287b020c88b3cbcbe59e02369fe0c01561bf5c46ee3238ce82f0$0
com.google.firebase.database.android.AndroidAuthTokenProvider$$InternalSyntheticLambda$3$b87460cb4c01287b020c88b3cbcbe59e02369fe0c01561bf5c46ee3238ce82f0$1